<?xml version="1.0" encoding="UTF-8"?>
<!-- Generated by org.testng.reporters.JUnitXMLReporter -->
<testsuite ignored="0" hostname="DESKTOP-TBGH0BT" failures="0" tests="2" name="Default test" time="20.609" errors="0" timestamp="23 Jul 2021 18:01:32 GMT">
  <testcase classname="ApplicationPages.HomePageTest" name="ValidateTheHeaderOptions" time="1.692"/>
  <testcase classname="ApplicationPages.HomePageTest" name="ValidateWomenShoppingPageisDisplayed" time="3.348"/>
</testsuite> <!-- Default test -->
