<?xml version="1.0" encoding="UTF-8"?>
<!-- Generated by org.testng.reporters.JUnitXMLReporter -->
<testsuite ignored="0" hostname="DESKTOP-TBGH0BT" failures="0" tests="6" name="Test" time="52.658" errors="0" timestamp="16 Jun 2021 14:41:26 GMT">
  <testcase classname="ApplicationPages.HomePageTest" name="ValidateTheHeaderOptions" time="0.133"/>
  <testcase classname="ApplicationPages.HomePageTest" name="ValidateWomenShoppingPageisDisplayed" time="2.446"/>
  <testcase classname="ApplicationPages.LandingPageTest" name="ValidateClickSignIn" time="2.553"/>
  <testcase classname="ApplicationPages.LoginPageTest" name="validateLogin" time="3.285"/>
  <testcase classname="ApplicationPages.LoginPageTest" name="validateLoginPageTitle" time="0.194"/>
  <testcase classname="ApplicationPages.LoginPageTest" name="validateLogo" time="0.059"/>
</testsuite> <!-- Test -->
