<?xml version="1.0" encoding="UTF-8"?>
<testng-results ignored="0" total="2" passed="2" failed="0" skipped="0">
  <reporter-output>
  </reporter-output>
  <suite started-at="2021-07-23T18:01:11Z" name="Default suite" finished-at="2021-07-23T18:01:32Z" duration-ms="20609">
    <groups>
    </groups>
    <test started-at="2021-07-23T18:01:11Z" name="Default test" finished-at="2021-07-23T18:01:32Z" duration-ms="20609">
      <class name="ApplicationPages.HomePageTest">
        <test-method is-config="true" signature="setup()[pri:0, instance:ApplicationPages.HomePageTest@611df6e3]" started-at="2021-07-23T18:01:11Z" name="setup" finished-at="2021-07-23T18:01:26Z" duration-ms="15361" status="PASS">
          <reporter-output>
          </reporter-output>
        </test-method> <!-- setup -->
        <test-method signature="ValidateTheHeaderOptions()[pri:0, instance:ApplicationPages.HomePageTest@611df6e3]" started-at="2021-07-23T18:01:26Z" name="ValidateTheHeaderOptions" finished-at="2021-07-23T18:01:28Z" duration-ms="1692" status="PASS">
          <reporter-output>
          </reporter-output>
        </test-method> <!-- ValidateTheHeaderOptions -->
        <test-method is-config="true" signature="takeScreenShotOnFailed(org.testng.ITestResult)[pri:0, instance:ApplicationPages.HomePageTest@611df6e3]" started-at="2021-07-23T18:01:28Z" name="takeScreenShotOnFailed" finished-at="2021-07-23T18:01:28Z" duration-ms="1" status="PASS">
          <params>
            <param index="0">
              <value>
                <![CDATA[[TestResult name=ValidateTheHeaderOptions status=SUCCESS method=HomePageTest.ValidateTheHeaderOptions()[pri:0, instance:ApplicationPages.HomePageTest@611df6e3] output={null}]]]>
              </value>
            </param>
          </params>
          <reporter-output>
          </reporter-output>
        </test-method> <!-- takeScreenShotOnFailed -->
        <test-method signature="ValidateWomenShoppingPageisDisplayed()[pri:0, instance:ApplicationPages.HomePageTest@611df6e3]" started-at="2021-07-23T18:01:28Z" name="ValidateWomenShoppingPageisDisplayed" finished-at="2021-07-23T18:01:31Z" duration-ms="3348" status="PASS">
          <reporter-output>
          </reporter-output>
        </test-method> <!-- ValidateWomenShoppingPageisDisplayed -->
        <test-method is-config="true" signature="takeScreenShotOnFailed(org.testng.ITestResult)[pri:0, instance:ApplicationPages.HomePageTest@611df6e3]" started-at="2021-07-23T18:01:31Z" name="takeScreenShotOnFailed" finished-at="2021-07-23T18:01:31Z" duration-ms="0" status="PASS">
          <params>
            <param index="0">
              <value>
                <![CDATA[[TestResult name=ValidateWomenShoppingPageisDisplayed status=SUCCESS method=HomePageTest.ValidateWomenShoppingPageisDisplayed()[pri:0, instance:ApplicationPages.HomePageTest@611df6e3] output={null}]]]>
              </value>
            </param>
          </params>
          <reporter-output>
          </reporter-output>
        </test-method> <!-- takeScreenShotOnFailed -->
        <test-method is-config="true" signature="teardown()[pri:0, instance:ApplicationPages.HomePageTest@611df6e3]" started-at="2021-07-23T18:01:31Z" name="teardown" finished-at="2021-07-23T18:01:32Z" duration-ms="190" status="PASS">
          <reporter-output>
          </reporter-output>
        </test-method> <!-- teardown -->
      </class> <!-- ApplicationPages.HomePageTest -->
    </test> <!-- Default test -->
  </suite> <!-- Default suite -->
</testng-results>
